Not a valid list position.
Could not find element with Id 'katalon.composer.objectrepository.handledmenuitem.spyweb'
Could not find element with Id 'com.kms.katalon.composer.integration.analytics.handledtoolitem.katalonTestOps'
Could not find element with Id 'com.kms.katalon.composer.mobile.dynamicmenucontribution.ios'
Could not find element with Id 'com.kms.katalon.composer.mobile.dynamicmenucontribution.ios'
Warning: NLS unused message: Key in: com.kms.katalon.composer.project.constants.composerProjectMessages
Warning: NLS unused message: Key in: com.kms.katalon.composer.testcase.constants.composerTestcaseMessages
Warning: NLS missing message: BTN_ADDTESTSUITE in: com.kms.katalon.composer.testcase.constants.composerTestcaseMessages
Warning: NLS unused message: Key in: com.kms.katalon.composer.objectrepository.constant.composerObjectRepositoryMessages
WebView Server has been started on port 62396
log4j:WARN No appenders could be found for logger (org.apache.http.client.protocol.RequestAuthCache).
log4j:WARN Please initialize the log4j system properly.
Warning: NLS missing message: PA_URL_SUPPORT_PORTAL in: com.kms.katalon.constants.messages
Warning: NLS missing message: URL_KATALON_SURVEY in: com.kms.katalon.constants.messages
Warning: NLS missing message: OFFLINE_ACTIVATION in: com.kms.katalon.constants.messages
Warning: NLS missing message: ENTERPRISE_TRIAL_LICENSE in: com.kms.katalon.constants.messages
Warning: NLS missing message: ActivationDialogV2_LBL_ENTERPRISE_LICENSE in: com.kms.katalon.constants.messages
Warning: NLS missing message: DIALOG_TITLE_FIRST_TIME_USE_SURVEY in: com.kms.katalon.constants.messages
Warning: NLS missing message: BTN_YES_CONTINUE_USE in: com.kms.katalon.constants.messages
Warning: NLS missing message: BTN_NO_QUIT_USING in: com.kms.katalon.constants.messages
Warning: NLS missing message: BTN_SEND in: com.kms.katalon.constants.messages
Warning: NLS missing message: MSG_QUESTION_WILL_CONTINUE_TO_USE in: com.kms.katalon.constants.messages
Warning: NLS missing message: MSG_QUIT_USING_KATALON_REASON in: com.kms.katalon.constants.messages
Warning: NLS missing message: MSG_QUIT_USING_KATALON_REASON_PLACEHOLDER in: com.kms.katalon.constants.messages
Start checking and mark activated for GUI mode
Start getting machine ID on Windows
Start appending additional signatures
hardwareSerialNumber 
osDependentUsername quynh
End appending additional signatures 8fd705cf-ac33-4773-bb58-4d4964dc5230__quynh
End getting machine ID on Windows ef904c04fac1dea55f24440fe05e2544

Fri Jan 21 19:21:14 ICT 2022
com.kms.katalon.integration.analytics.exceptions.AnalyticsApiExeception: java.net.UnknownHostException: admin.katalon.com
	at com.kms.katalon.integration.analytics.exceptions.AnalyticsApiExeception.wrap(AnalyticsApiExeception.java:23)
	at com.kms.katalon.integration.analytics.providers.AnalyticsApiProvider.requestToken(AnalyticsApiProvider.java:153)
	at com.kms.katalon.integration.analytics.providers.TestOpsFeatureActivatorImpl.connect(TestOpsFeatureActivatorImpl.java:45)
	at com.kms.katalon.application.utils.ActivationInfoCollector.getLicenseFromTestOps(ActivationInfoCollector.java:550)
	at com.kms.katalon.application.utils.ActivationInfoCollector.activate(ActivationInfoCollector.java:437)
	at com.kms.katalon.application.utils.ActivationInfoCollector.checkAndMarkActivatedForGUIMode(ActivationInfoCollector.java:139)
	at com.kms.katalon.application.utils.ActivationInfoCollector.checkAndMarkActivatedForGUIMode(ActivationInfoCollector.java:106)
	at com.kms.katalon.util.ComposerActivationInfoCollector$1.run(ComposerActivationInfoCollector.java:98)
	at org.eclipse.jface.operation.ModalContext$ModalContextThread.run(ModalContext.java:122)
Caused by: java.net.UnknownHostException: admin.katalon.com
	at java.net.Inet6AddressImpl.lookupAllHostAddr(Native Method)
	at java.net.InetAddress$2.lookupAllHostAddr(InetAddress.java:929)
	at java.net.InetAddress.getAddressesFromNameService(InetAddress.java:1324)
	at java.net.InetAddress.getAllByName0(InetAddress.java:1277)
	at java.net.InetAddress.getAllByName(InetAddress.java:1193)
	at java.net.InetAddress.getAllByName(InetAddress.java:1127)
	at org.apache.http.impl.conn.SystemDefaultDnsResolver.resolve(SystemDefaultDnsResolver.java:45)
	at org.apache.http.impl.conn.DefaultHttpClientConnectionOperator.connect(DefaultHttpClientConnectionOperator.java:111)
	at org.apache.http.impl.conn.PoolingHttpClientConnectionManager.connect(PoolingHttpClientConnectionManager.java:353)
	at org.apache.http.impl.execchain.MainClientExec.establishRoute(MainClientExec.java:380)
	at org.apache.http.impl.execchain.MainClientExec.execute(MainClientExec.java:236)
	at org.apache.http.impl.execchain.ProtocolExec.execute(ProtocolExec.java:184)
	at org.apache.http.impl.execchain.RetryExec.execute(RetryExec.java:88)
	at org.apache.http.impl.execchain.RedirectExec.execute(RedirectExec.java:110)
	at org.apache.http.impl.client.InternalHttpClient.doExecute(InternalHttpClient.java:184)
	at org.apache.http.impl.client.CloseableHttpClient.execute(CloseableHttpClient.java:82)
	at org.apache.http.impl.client.CloseableHttpClient.execute(CloseableHttpClient.java:107)
	at org.apache.http.impl.client.CloseableHttpClient.execute(CloseableHttpClient.java:55)
	at com.kms.katalon.integration.analytics.providers.AnalyticsApiProvider.executeRequest(AnalyticsApiProvider.java:647)
	at com.kms.katalon.integration.analytics.providers.AnalyticsApiProvider.executeRequest(AnalyticsApiProvider.java:680)
	at com.kms.katalon.integration.analytics.providers.AnalyticsApiProvider.requestToken(AnalyticsApiProvider.java:151)
	... 7 more



Fri Jan 21 19:21:14 ICT 2022
Activation collection is failed
com.kms.katalon.integration.analytics.exceptions.AnalyticsApiExeception: java.net.UnknownHostException: admin.katalon.com
	at com.kms.katalon.integration.analytics.exceptions.AnalyticsApiExeception.wrap(AnalyticsApiExeception.java:23)
	at com.kms.katalon.integration.analytics.providers.AnalyticsApiProvider.requestToken(AnalyticsApiProvider.java:153)
	at com.kms.katalon.integration.analytics.providers.TestOpsFeatureActivatorImpl.connect(TestOpsFeatureActivatorImpl.java:45)
	at com.kms.katalon.application.utils.ActivationInfoCollector.getLicenseFromTestOps(ActivationInfoCollector.java:550)
	at com.kms.katalon.application.utils.ActivationInfoCollector.activate(ActivationInfoCollector.java:437)
	at com.kms.katalon.application.utils.ActivationInfoCollector.checkAndMarkActivatedForGUIMode(ActivationInfoCollector.java:139)
	at com.kms.katalon.application.utils.ActivationInfoCollector.checkAndMarkActivatedForGUIMode(ActivationInfoCollector.java:106)
	at com.kms.katalon.util.ComposerActivationInfoCollector$1.run(ComposerActivationInfoCollector.java:98)
	at org.eclipse.jface.operation.ModalContext$ModalContextThread.run(ModalContext.java:122)
Caused by: java.net.UnknownHostException: admin.katalon.com
	at java.net.Inet6AddressImpl.lookupAllHostAddr(Native Method)
	at java.net.InetAddress$2.lookupAllHostAddr(InetAddress.java:929)
	at java.net.InetAddress.getAddressesFromNameService(InetAddress.java:1324)
	at java.net.InetAddress.getAllByName0(InetAddress.java:1277)
	at java.net.InetAddress.getAllByName(InetAddress.java:1193)
	at java.net.InetAddress.getAllByName(InetAddress.java:1127)
	at org.apache.http.impl.conn.SystemDefaultDnsResolver.resolve(SystemDefaultDnsResolver.java:45)
	at org.apache.http.impl.conn.DefaultHttpClientConnectionOperator.connect(DefaultHttpClientConnectionOperator.java:111)
	at org.apache.http.impl.conn.PoolingHttpClientConnectionManager.connect(PoolingHttpClientConnectionManager.java:353)
	at org.apache.http.impl.execchain.MainClientExec.establishRoute(MainClientExec.java:380)
	at org.apache.http.impl.execchain.MainClientExec.execute(MainClientExec.java:236)
	at org.apache.http.impl.execchain.ProtocolExec.execute(ProtocolExec.java:184)
	at org.apache.http.impl.execchain.RetryExec.execute(RetryExec.java:88)
	at org.apache.http.impl.execchain.RedirectExec.execute(RedirectExec.java:110)
	at org.apache.http.impl.client.InternalHttpClient.doExecute(InternalHttpClient.java:184)
	at org.apache.http.impl.client.CloseableHttpClient.execute(CloseableHttpClient.java:82)
	at org.apache.http.impl.client.CloseableHttpClient.execute(CloseableHttpClient.java:107)
	at org.apache.http.impl.client.CloseableHttpClient.execute(CloseableHttpClient.java:55)
	at com.kms.katalon.integration.analytics.providers.AnalyticsApiProvider.executeRequest(AnalyticsApiProvider.java:647)
	at com.kms.katalon.integration.analytics.providers.AnalyticsApiProvider.executeRequest(AnalyticsApiProvider.java:680)
	at com.kms.katalon.integration.analytics.providers.AnalyticsApiProvider.requestToken(AnalyticsApiProvider.java:151)
	... 7 more


End checking and mark activated for GUI mode
Start check license task

Fri Jan 21 19:21:14 ICT 2022
com.kms.katalon.integration.analytics.exceptions.AnalyticsApiExeception: java.net.UnknownHostException: admin.katalon.com
	at com.kms.katalon.integration.analytics.exceptions.AnalyticsApiExeception.wrap(AnalyticsApiExeception.java:23)
	at com.kms.katalon.integration.analytics.providers.AnalyticsApiProvider.requestToken(AnalyticsApiProvider.java:153)
	at com.kms.katalon.integration.analytics.providers.TestOpsFeatureActivatorImpl.connect(TestOpsFeatureActivatorImpl.java:45)
	at com.kms.katalon.application.utils.ActivationInfoCollector.getLicenseFromTestOps(ActivationInfoCollector.java:550)
	at com.kms.katalon.application.utils.ActivationInfoCollector.activate(ActivationInfoCollector.java:437)
	at com.kms.katalon.application.utils.ActivationInfoCollector.checkAndMarkActivatedForGUIMode(ActivationInfoCollector.java:139)
	at com.kms.katalon.core.application.ApplicationStaupHandler.lambda$2(ApplicationStaupHandler.java:91)
	at com.kms.katalon.application.utils.ActivationInfoCollector.lambda$1(ActivationInfoCollector.java:923)
	at java.util.concurrent.Executors$RunnableAdapter.call(Executors.java:511)
	at java.util.concurrent.FutureTask.runAndReset(FutureTask.java:308)
	at java.util.concurrent.ScheduledThreadPoolExecutor$ScheduledFutureTask.access$301(ScheduledThreadPoolExecutor.java:180)
	at java.util.concurrent.ScheduledThreadPoolExecutor$ScheduledFutureTask.run(ScheduledThreadPoolExecutor.java:294)
	at java.util.concurrent.ThreadPoolExecutor.runWorker(ThreadPoolExecutor.java:1149)
	at java.util.concurrent.ThreadPoolExecutor$Worker.run(ThreadPoolExecutor.java:624)
	at java.lang.Thread.run(Thread.java:748)
Caused by: java.net.UnknownHostException: admin.katalon.com
	at java.net.InetAddress.getAllByName0(InetAddress.java:1281)
	at java.net.InetAddress.getAllByName(InetAddress.java:1193)
	at java.net.InetAddress.getAllByName(InetAddress.java:1127)
	at org.apache.http.impl.conn.SystemDefaultDnsResolver.resolve(SystemDefaultDnsResolver.java:45)
	at org.apache.http.impl.conn.DefaultHttpClientConnectionOperator.connect(DefaultHttpClientConnectionOperator.java:111)
	at org.apache.http.impl.conn.PoolingHttpClientConnectionManager.connect(PoolingHttpClientConnectionManager.java:353)
	at org.apache.http.impl.execchain.MainClientExec.establishRoute(MainClientExec.java:380)
	at org.apache.http.impl.execchain.MainClientExec.execute(MainClientExec.java:236)
	at org.apache.http.impl.execchain.ProtocolExec.execute(ProtocolExec.java:184)
	at org.apache.http.impl.execchain.RetryExec.execute(RetryExec.java:88)
	at org.apache.http.impl.execchain.RedirectExec.execute(RedirectExec.java:110)
	at org.apache.http.impl.client.InternalHttpClient.doExecute(InternalHttpClient.java:184)
	at org.apache.http.impl.client.CloseableHttpClient.execute(CloseableHttpClient.java:82)
	at org.apache.http.impl.client.CloseableHttpClient.execute(CloseableHttpClient.java:107)
	at org.apache.http.impl.client.CloseableHttpClient.execute(CloseableHttpClient.java:55)
	at com.kms.katalon.integration.analytics.providers.AnalyticsApiProvider.executeRequest(AnalyticsApiProvider.java:647)
	at com.kms.katalon.integration.analytics.providers.AnalyticsApiProvider.executeRequest(AnalyticsApiProvider.java:680)
	at com.kms.katalon.integration.analytics.providers.AnalyticsApiProvider.requestToken(AnalyticsApiProvider.java:151)
	... 13 more



Fri Jan 21 19:21:14 ICT 2022
Activation collection is failed
com.kms.katalon.integration.analytics.exceptions.AnalyticsApiExeception: java.net.UnknownHostException: admin.katalon.com
	at com.kms.katalon.integration.analytics.exceptions.AnalyticsApiExeception.wrap(AnalyticsApiExeception.java:23)
	at com.kms.katalon.integration.analytics.providers.AnalyticsApiProvider.requestToken(AnalyticsApiProvider.java:153)
	at com.kms.katalon.integration.analytics.providers.TestOpsFeatureActivatorImpl.connect(TestOpsFeatureActivatorImpl.java:45)
	at com.kms.katalon.application.utils.ActivationInfoCollector.getLicenseFromTestOps(ActivationInfoCollector.java:550)
	at com.kms.katalon.application.utils.ActivationInfoCollector.activate(ActivationInfoCollector.java:437)
	at com.kms.katalon.application.utils.ActivationInfoCollector.checkAndMarkActivatedForGUIMode(ActivationInfoCollector.java:139)
	at com.kms.katalon.core.application.ApplicationStaupHandler.lambda$2(ApplicationStaupHandler.java:91)
	at com.kms.katalon.application.utils.ActivationInfoCollector.lambda$1(ActivationInfoCollector.java:923)
	at java.util.concurrent.Executors$RunnableAdapter.call(Executors.java:511)
	at java.util.concurrent.FutureTask.runAndReset(FutureTask.java:308)
	at java.util.concurrent.ScheduledThreadPoolExecutor$ScheduledFutureTask.access$301(ScheduledThreadPoolExecutor.java:180)
	at java.util.concurrent.ScheduledThreadPoolExecutor$ScheduledFutureTask.run(ScheduledThreadPoolExecutor.java:294)
	at java.util.concurrent.ThreadPoolExecutor.runWorker(ThreadPoolExecutor.java:1149)
	at java.util.concurrent.ThreadPoolExecutor$Worker.run(ThreadPoolExecutor.java:624)
	at java.lang.Thread.run(Thread.java:748)
Caused by: java.net.UnknownHostException: admin.katalon.com
	at java.net.InetAddress.getAllByName0(InetAddress.java:1281)
	at java.net.InetAddress.getAllByName(InetAddress.java:1193)
	at java.net.InetAddress.getAllByName(InetAddress.java:1127)
	at org.apache.http.impl.conn.SystemDefaultDnsResolver.resolve(SystemDefaultDnsResolver.java:45)
	at org.apache.http.impl.conn.DefaultHttpClientConnectionOperator.connect(DefaultHttpClientConnectionOperator.java:111)
	at org.apache.http.impl.conn.PoolingHttpClientConnectionManager.connect(PoolingHttpClientConnectionManager.java:353)
	at org.apache.http.impl.execchain.MainClientExec.establishRoute(MainClientExec.java:380)
	at org.apache.http.impl.execchain.MainClientExec.execute(MainClientExec.java:236)
	at org.apache.http.impl.execchain.ProtocolExec.execute(ProtocolExec.java:184)
	at org.apache.http.impl.execchain.RetryExec.execute(RetryExec.java:88)
	at org.apache.http.impl.execchain.RedirectExec.execute(RedirectExec.java:110)
	at org.apache.http.impl.client.InternalHttpClient.doExecute(InternalHttpClient.java:184)
	at org.apache.http.impl.client.CloseableHttpClient.execute(CloseableHttpClient.java:82)
	at org.apache.http.impl.client.CloseableHttpClient.execute(CloseableHttpClient.java:107)
	at org.apache.http.impl.client.CloseableHttpClient.execute(CloseableHttpClient.java:55)
	at com.kms.katalon.integration.analytics.providers.AnalyticsApiProvider.executeRequest(AnalyticsApiProvider.java:647)
	at com.kms.katalon.integration.analytics.providers.AnalyticsApiProvider.executeRequest(AnalyticsApiProvider.java:680)
	at com.kms.katalon.integration.analytics.providers.AnalyticsApiProvider.requestToken(AnalyticsApiProvider.java:151)
	... 13 more



Fri Jan 21 19:21:15 ICT 2022
java.net.UnknownHostException: update.katalon.com
	at java.net.AbstractPlainSocketImpl.connect(AbstractPlainSocketImpl.java:184)
	at java.net.PlainSocketImpl.connect(PlainSocketImpl.java:172)
	at java.net.SocksSocketImpl.connect(SocksSocketImpl.java:392)
	at java.net.Socket.connect(Socket.java:607)
	at sun.security.ssl.SSLSocketImpl.connect(SSLSocketImpl.java:284)
	at sun.security.ssl.BaseSSLSocketImpl.connect(BaseSSLSocketImpl.java:173)
	at sun.net.NetworkClient.doConnect(NetworkClient.java:180)
	at sun.net.www.http.HttpClient.openServer(HttpClient.java:463)
	at sun.net.www.http.HttpClient.openServer(HttpClient.java:558)
	at sun.net.www.protocol.https.HttpsClient.<init>(HttpsClient.java:264)
	at sun.net.www.protocol.https.HttpsClient.New(HttpsClient.java:367)
	at sun.net.www.protocol.https.AbstractDelegateHttpsURLConnection.getNewHttpClient(AbstractDelegateHttpsURLConnection.java:191)
	at sun.net.www.protocol.http.HttpURLConnection.plainConnect0(HttpURLConnection.java:1205)
	at sun.net.www.protocol.http.HttpURLConnection.plainConnect(HttpURLConnection.java:1056)
	at sun.net.www.protocol.https.AbstractDelegateHttpsURLConnection.connect(AbstractDelegateHttpsURLConnection.java:177)
	at sun.net.www.protocol.http.HttpURLConnection.getOutputStream0(HttpURLConnection.java:1340)
	at sun.net.www.protocol.http.HttpURLConnection.getOutputStream(HttpURLConnection.java:1315)
	at sun.net.www.protocol.https.HttpsURLConnectionImpl.getOutputStream(HttpsURLConnectionImpl.java:264)
	at com.kms.katalon.application.utils.ServerAPICommunicationUtil.sendAndReceiveData(ServerAPICommunicationUtil.java:297)
	at com.kms.katalon.application.utils.ServerAPICommunicationUtil.invoke(ServerAPICommunicationUtil.java:136)
	at com.kms.katalon.application.utils.ServerAPICommunicationUtil.post(ServerAPICommunicationUtil.java:60)
	at com.kms.katalon.tracking.service.TrackingApiService.post(TrackingApiService.java:24)
	at com.kms.katalon.tracking.service.TrackingService.sendEventPayload(TrackingService.java:55)
	at com.kms.katalon.tracking.service.TrackingService.lambda$0(TrackingService.java:39)
	at java.util.concurrent.Executors$RunnableAdapter.call(Executors.java:511)
	at java.util.concurrent.FutureTask.run(FutureTask.java:266)
	at java.util.concurrent.ThreadPoolExecutor.runWorker(ThreadPoolExecutor.java:1149)
	at java.util.concurrent.ThreadPoolExecutor$Worker.run(ThreadPoolExecutor.java:624)
	at java.lang.Thread.run(Thread.java:748)


Warning: NLS unused message: LBL_DEFAULT_LOCATOR_SELECTION_AREA in: com.katalon.plugin.smart_xpath.constant.SmartXpathMessages

Fri Jan 21 19:21:15 ICT 2022
com.kms.katalon.integration.analytics.exceptions.AnalyticsApiExeception: java.net.UnknownHostException: admin.katalon.com
	at com.kms.katalon.integration.analytics.exceptions.AnalyticsApiExeception.wrap(AnalyticsApiExeception.java:23)
	at com.kms.katalon.integration.analytics.providers.AnalyticsApiProvider.requestToken(AnalyticsApiProvider.java:153)
	at com.kms.katalon.integration.analytics.providers.TestOpsFeatureActivatorImpl.connect(TestOpsFeatureActivatorImpl.java:45)
	at com.kms.katalon.composer.handlers.IdleTimeoutHandler.getToken(IdleTimeoutHandler.java:119)
	at com.kms.katalon.composer.handlers.IdleTimeoutHandler.fetchIdleTimeoutInfo(IdleTimeoutHandler.java:125)
	at com.kms.katalon.composer.handlers.IdleTimeoutHandler.access$3(IdleTimeoutHandler.java:122)
	at com.kms.katalon.composer.handlers.IdleTimeoutHandler$2.handleEvent(IdleTimeoutHandler.java:72)
	at org.eclipse.e4.ui.services.internal.events.UIEventHandler.lambda$0(UIEventHandler.java:38)
	at org.eclipse.swt.widgets.RunnableLock.run(RunnableLock.java:40)
	at org.eclipse.swt.widgets.Synchronizer.runAsyncMessages(Synchronizer.java:185)
	at org.eclipse.swt.widgets.Display.runAsyncMessages(Display.java:4005)
	at org.eclipse.swt.widgets.Display.readAndDispatch(Display.java:3633)
	at org.eclipse.jface.window.Window.runEventLoop(Window.java:823)
	at org.eclipse.jface.window.Window.open(Window.java:799)
	at com.kms.katalon.core.application.ApplicationStaupHandler.lambda$3(ApplicationStaupHandler.java:85)
	at org.eclipse.swt.widgets.RunnableLock.run(RunnableLock.java:40)
	at org.eclipse.swt.widgets.Synchronizer.runAsyncMessages(Synchronizer.java:185)
	at org.eclipse.swt.widgets.Display.runAsyncMessages(Display.java:4005)
	at org.eclipse.swt.widgets.Display.readAndDispatch(Display.java:3633)
	at org.eclipse.e4.ui.internal.workbench.swt.PartRenderingEngine$5.run(PartRenderingEngine.java:1158)
	at org.eclipse.core.databinding.observable.Realm.runWithDefault(Realm.java:338)
	at org.eclipse.e4.ui.internal.workbench.swt.PartRenderingEngine.run(PartRenderingEngine.java:1047)
	at org.eclipse.e4.ui.internal.workbench.E4Workbench.createAndRunUI(E4Workbench.java:155)
	at org.eclipse.ui.internal.Workbench.lambda$3(Workbench.java:658)
	at org.eclipse.core.databinding.observable.Realm.runWithDefault(Realm.java:338)
	at org.eclipse.ui.internal.Workbench.createAndRunWorkbench(Workbench.java:557)
	at org.eclipse.ui.PlatformUI.createAndRunWorkbench(PlatformUI.java:154)
	at com.kms.katalon.core.application.WorkbenchApplicationStarter.start(WorkbenchApplicationStarter.java:23)
	at com.kms.katalon.application.Application.runGUI(Application.java:191)
	at com.kms.katalon.application.Application.start(Application.java:102)
	at org.eclipse.equinox.internal.app.EclipseAppHandle.run(EclipseAppHandle.java:203)
	at org.eclipse.core.runtime.internal.adaptor.EclipseAppLauncher.runApplication(EclipseAppLauncher.java:137)
	at org.eclipse.core.runtime.internal.adaptor.EclipseAppLauncher.start(EclipseAppLauncher.java:107)
	at org.eclipse.core.runtime.adaptor.EclipseStarter.run(EclipseStarter.java:401)
	at org.eclipse.core.runtime.adaptor.EclipseStarter.run(EclipseStarter.java:255)
	at sun.reflect.NativeMethodAccessorImpl.invoke0(Native Method)
	at sun.reflect.NativeMethodAccessorImpl.invoke(NativeMethodAccessorImpl.java:62)
	at sun.reflect.DelegatingMethodAccessorImpl.invoke(DelegatingMethodAccessorImpl.java:43)
	at java.lang.reflect.Method.invoke(Method.java:498)
	at org.eclipse.equinox.launcher.Main.invokeFramework(Main.java:657)
	at org.eclipse.equinox.launcher.Main.basicRun(Main.java:594)
	at org.eclipse.equinox.launcher.Main.run(Main.java:1447)
Caused by: java.net.UnknownHostException: admin.katalon.com
	at java.net.InetAddress.getAllByName0(InetAddress.java:1281)
	at java.net.InetAddress.getAllByName(InetAddress.java:1193)
	at java.net.InetAddress.getAllByName(InetAddress.java:1127)
	at org.apache.http.impl.conn.SystemDefaultDnsResolver.resolve(SystemDefaultDnsResolver.java:45)
	at org.apache.http.impl.conn.DefaultHttpClientConnectionOperator.connect(DefaultHttpClientConnectionOperator.java:111)
	at org.apache.http.impl.conn.PoolingHttpClientConnectionManager.connect(PoolingHttpClientConnectionManager.java:353)
	at org.apache.http.impl.execchain.MainClientExec.establishRoute(MainClientExec.java:380)
	at org.apache.http.impl.execchain.MainClientExec.execute(MainClientExec.java:236)
	at org.apache.http.impl.execchain.ProtocolExec.execute(ProtocolExec.java:184)
	at org.apache.http.impl.execchain.RetryExec.execute(RetryExec.java:88)
	at org.apache.http.impl.execchain.RedirectExec.execute(RedirectExec.java:110)
	at org.apache.http.impl.client.InternalHttpClient.doExecute(InternalHttpClient.java:184)
	at org.apache.http.impl.client.CloseableHttpClient.execute(CloseableHttpClient.java:82)
	at org.apache.http.impl.client.CloseableHttpClient.execute(CloseableHttpClient.java:107)
	at org.apache.http.impl.client.CloseableHttpClient.execute(CloseableHttpClient.java:55)
	at com.kms.katalon.integration.analytics.providers.AnalyticsApiProvider.executeRequest(AnalyticsApiProvider.java:647)
	at com.kms.katalon.integration.analytics.providers.AnalyticsApiProvider.executeRequest(AnalyticsApiProvider.java:680)
	at com.kms.katalon.integration.analytics.providers.AnalyticsApiProvider.requestToken(AnalyticsApiProvider.java:151)
	... 40 more



Fri Jan 21 19:21:15 ICT 2022
java.net.UnknownHostException: update.katalon.com
	at java.net.AbstractPlainSocketImpl.connect(AbstractPlainSocketImpl.java:184)
	at java.net.PlainSocketImpl.connect(PlainSocketImpl.java:172)
	at java.net.SocksSocketImpl.connect(SocksSocketImpl.java:392)
	at java.net.Socket.connect(Socket.java:607)
	at sun.security.ssl.SSLSocketImpl.connect(SSLSocketImpl.java:284)
	at sun.security.ssl.BaseSSLSocketImpl.connect(BaseSSLSocketImpl.java:173)
	at sun.net.NetworkClient.doConnect(NetworkClient.java:180)
	at sun.net.www.http.HttpClient.openServer(HttpClient.java:463)
	at sun.net.www.http.HttpClient.openServer(HttpClient.java:558)
	at sun.net.www.protocol.https.HttpsClient.<init>(HttpsClient.java:264)
	at sun.net.www.protocol.https.HttpsClient.New(HttpsClient.java:367)
	at sun.net.www.protocol.https.AbstractDelegateHttpsURLConnection.getNewHttpClient(AbstractDelegateHttpsURLConnection.java:191)
	at sun.net.www.protocol.http.HttpURLConnection.plainConnect0(HttpURLConnection.java:1205)
	at sun.net.www.protocol.http.HttpURLConnection.plainConnect(HttpURLConnection.java:1056)
	at sun.net.www.protocol.https.AbstractDelegateHttpsURLConnection.connect(AbstractDelegateHttpsURLConnection.java:177)
	at sun.net.www.protocol.http.HttpURLConnection.getInputStream0(HttpURLConnection.java:1570)
	at sun.net.www.protocol.http.HttpURLConnection.getInputStream(HttpURLConnection.java:1498)
	at java.net.HttpURLConnection.getResponseCode(HttpURLConnection.java:480)
	at sun.net.www.protocol.https.HttpsURLConnectionImpl.getResponseCode(HttpsURLConnectionImpl.java:352)
	at com.kms.katalon.application.utils.ServerAPICommunicationUtil.sendAndReceiveData(ServerAPICommunicationUtil.java:302)
	at com.kms.katalon.application.utils.ServerAPICommunicationUtil.invoke(ServerAPICommunicationUtil.java:136)
	at com.kms.katalon.application.utils.ServerAPICommunicationUtil.invoke(ServerAPICommunicationUtil.java:128)
	at com.kms.katalon.application.utils.ServerAPICommunicationUtil.getJsonInformation(ServerAPICommunicationUtil.java:289)
	at com.kms.katalon.application.utils.VersionUtil.getLatestVersion(VersionUtil.java:36)
	at com.kms.katalon.application.utils.VersionUtil.hasNewVersion(VersionUtil.java:20)
	at com.kms.katalon.composer.handlers.CheckForUpdatesHandler$3.lambda$4(CheckForUpdatesHandler.java:119)
	at java.util.concurrent.Executors$RunnableAdapter.call(Executors.java:511)
	at java.util.concurrent.FutureTask.run(FutureTask.java:266)
	at java.util.concurrent.ThreadPoolExecutor.runWorker(ThreadPoolExecutor.java:1149)
	at java.util.concurrent.ThreadPoolExecutor$Worker.run(ThreadPoolExecutor.java:624)
	at java.lang.Thread.run(Thread.java:748)



Fri Jan 21 19:21:15 ICT 2022
Cannot send request, retry to send.


Fri Jan 21 19:21:16 ICT 2022
java.net.UnknownHostException: update.katalon.com
	at java.net.AbstractPlainSocketImpl.connect(AbstractPlainSocketImpl.java:184)
	at java.net.PlainSocketImpl.connect(PlainSocketImpl.java:172)
	at java.net.SocksSocketImpl.connect(SocksSocketImpl.java:392)
	at java.net.Socket.connect(Socket.java:607)
	at sun.security.ssl.SSLSocketImpl.connect(SSLSocketImpl.java:284)
	at sun.security.ssl.BaseSSLSocketImpl.connect(BaseSSLSocketImpl.java:173)
	at sun.net.NetworkClient.doConnect(NetworkClient.java:180)
	at sun.net.www.http.HttpClient.openServer(HttpClient.java:463)
	at sun.net.www.http.HttpClient.openServer(HttpClient.java:558)
	at sun.net.www.protocol.https.HttpsClient.<init>(HttpsClient.java:264)
	at sun.net.www.protocol.https.HttpsClient.New(HttpsClient.java:367)
	at sun.net.www.protocol.https.AbstractDelegateHttpsURLConnection.getNewHttpClient(AbstractDelegateHttpsURLConnection.java:191)
	at sun.net.www.protocol.http.HttpURLConnection.plainConnect0(HttpURLConnection.java:1205)
	at sun.net.www.protocol.http.HttpURLConnection.plainConnect(HttpURLConnection.java:1056)
	at sun.net.www.protocol.https.AbstractDelegateHttpsURLConnection.connect(AbstractDelegateHttpsURLConnection.java:177)
	at sun.net.www.protocol.http.HttpURLConnection.getInputStream0(HttpURLConnection.java:1570)
	at sun.net.www.protocol.http.HttpURLConnection.getInputStream(HttpURLConnection.java:1498)
	at java.net.HttpURLConnection.getResponseCode(HttpURLConnection.java:480)
	at sun.net.www.protocol.https.HttpsURLConnectionImpl.getResponseCode(HttpsURLConnectionImpl.java:352)
	at com.kms.katalon.application.utils.ServerAPICommunicationUtil.sendAndReceiveData(ServerAPICommunicationUtil.java:302)
	at com.kms.katalon.application.utils.ServerAPICommunicationUtil.retryInvoke(ServerAPICommunicationUtil.java:181)
	at com.kms.katalon.application.utils.ServerAPICommunicationUtil.invoke(ServerAPICommunicationUtil.java:141)
	at com.kms.katalon.application.utils.ServerAPICommunicationUtil.invoke(ServerAPICommunicationUtil.java:128)
	at com.kms.katalon.application.utils.ServerAPICommunicationUtil.getJsonInformation(ServerAPICommunicationUtil.java:289)
	at com.kms.katalon.application.utils.VersionUtil.getLatestVersion(VersionUtil.java:36)
	at com.kms.katalon.application.utils.VersionUtil.hasNewVersion(VersionUtil.java:20)
	at com.kms.katalon.composer.handlers.CheckForUpdatesHandler$3.lambda$4(CheckForUpdatesHandler.java:119)
	at java.util.concurrent.Executors$RunnableAdapter.call(Executors.java:511)
	at java.util.concurrent.FutureTask.run(FutureTask.java:266)
	at java.util.concurrent.ThreadPoolExecutor.runWorker(ThreadPoolExecutor.java:1149)
	at java.util.concurrent.ThreadPoolExecutor$Worker.run(ThreadPoolExecutor.java:624)
	at java.lang.Thread.run(Thread.java:748)



Fri Jan 21 19:21:44 ICT 2022
com.kms.katalon.integration.analytics.exceptions.AnalyticsApiExeception: java.net.UnknownHostException: admin.katalon.com
	at com.kms.katalon.integration.analytics.exceptions.AnalyticsApiExeception.wrap(AnalyticsApiExeception.java:23)
	at com.kms.katalon.integration.analytics.providers.AnalyticsApiProvider.requestToken(AnalyticsApiProvider.java:153)
	at com.kms.katalon.integration.analytics.providers.TestOpsFeatureActivatorImpl.connect(TestOpsFeatureActivatorImpl.java:45)
	at com.kms.katalon.application.utils.ActivationInfoCollector.getLicenseFromTestOps(ActivationInfoCollector.java:550)
	at com.kms.katalon.application.utils.ActivationInfoCollector.activate(ActivationInfoCollector.java:437)
	at com.kms.katalon.application.utils.ActivationInfoCollector.checkAndMarkActivatedForGUIMode(ActivationInfoCollector.java:139)
	at com.kms.katalon.core.application.ApplicationStaupHandler.lambda$2(ApplicationStaupHandler.java:91)
	at com.kms.katalon.application.utils.ActivationInfoCollector.lambda$1(ActivationInfoCollector.java:923)
	at java.util.concurrent.Executors$RunnableAdapter.call(Executors.java:511)
	at java.util.concurrent.FutureTask.runAndReset(FutureTask.java:308)
	at java.util.concurrent.ScheduledThreadPoolExecutor$ScheduledFutureTask.access$301(ScheduledThreadPoolExecutor.java:180)
	at java.util.concurrent.ScheduledThreadPoolExecutor$ScheduledFutureTask.run(ScheduledThreadPoolExecutor.java:294)
	at java.util.concurrent.ThreadPoolExecutor.runWorker(ThreadPoolExecutor.java:1149)
	at java.util.concurrent.ThreadPoolExecutor$Worker.run(ThreadPoolExecutor.java:624)
	at java.lang.Thread.run(Thread.java:748)
Caused by: java.net.UnknownHostException: admin.katalon.com
	at java.net.Inet6AddressImpl.lookupAllHostAddr(Native Method)
	at java.net.InetAddress$2.lookupAllHostAddr(InetAddress.java:929)
	at java.net.InetAddress.getAddressesFromNameService(InetAddress.java:1324)
	at java.net.InetAddress.getAllByName0(InetAddress.java:1277)
	at java.net.InetAddress.getAllByName(InetAddress.java:1193)
	at java.net.InetAddress.getAllByName(InetAddress.java:1127)
	at org.apache.http.impl.conn.SystemDefaultDnsResolver.resolve(SystemDefaultDnsResolver.java:45)
	at org.apache.http.impl.conn.DefaultHttpClientConnectionOperator.connect(DefaultHttpClientConnectionOperator.java:111)
	at org.apache.http.impl.conn.PoolingHttpClientConnectionManager.connect(PoolingHttpClientConnectionManager.java:353)
	at org.apache.http.impl.execchain.MainClientExec.establishRoute(MainClientExec.java:380)
	at org.apache.http.impl.execchain.MainClientExec.execute(MainClientExec.java:236)
	at org.apache.http.impl.execchain.ProtocolExec.execute(ProtocolExec.java:184)
	at org.apache.http.impl.execchain.RetryExec.execute(RetryExec.java:88)
	at org.apache.http.impl.execchain.RedirectExec.execute(RedirectExec.java:110)
	at org.apache.http.impl.client.InternalHttpClient.doExecute(InternalHttpClient.java:184)
	at org.apache.http.impl.client.CloseableHttpClient.execute(CloseableHttpClient.java:82)
	at org.apache.http.impl.client.CloseableHttpClient.execute(CloseableHttpClient.java:107)
	at org.apache.http.impl.client.CloseableHttpClient.execute(CloseableHttpClient.java:55)
	at com.kms.katalon.integration.analytics.providers.AnalyticsApiProvider.executeRequest(AnalyticsApiProvider.java:647)
	at com.kms.katalon.integration.analytics.providers.AnalyticsApiProvider.executeRequest(AnalyticsApiProvider.java:680)
	at com.kms.katalon.integration.analytics.providers.AnalyticsApiProvider.requestToken(AnalyticsApiProvider.java:151)
	... 13 more



Fri Jan 21 19:21:44 ICT 2022
Activation collection is failed
com.kms.katalon.integration.analytics.exceptions.AnalyticsApiExeception: java.net.UnknownHostException: admin.katalon.com
	at com.kms.katalon.integration.analytics.exceptions.AnalyticsApiExeception.wrap(AnalyticsApiExeception.java:23)
	at com.kms.katalon.integration.analytics.providers.AnalyticsApiProvider.requestToken(AnalyticsApiProvider.java:153)
	at com.kms.katalon.integration.analytics.providers.TestOpsFeatureActivatorImpl.connect(TestOpsFeatureActivatorImpl.java:45)
	at com.kms.katalon.application.utils.ActivationInfoCollector.getLicenseFromTestOps(ActivationInfoCollector.java:550)
	at com.kms.katalon.application.utils.ActivationInfoCollector.activate(ActivationInfoCollector.java:437)
	at com.kms.katalon.application.utils.ActivationInfoCollector.checkAndMarkActivatedForGUIMode(ActivationInfoCollector.java:139)
	at com.kms.katalon.core.application.ApplicationStaupHandler.lambda$2(ApplicationStaupHandler.java:91)
	at com.kms.katalon.application.utils.ActivationInfoCollector.lambda$1(ActivationInfoCollector.java:923)
	at java.util.concurrent.Executors$RunnableAdapter.call(Executors.java:511)
	at java.util.concurrent.FutureTask.runAndReset(FutureTask.java:308)
	at java.util.concurrent.ScheduledThreadPoolExecutor$ScheduledFutureTask.access$301(ScheduledThreadPoolExecutor.java:180)
	at java.util.concurrent.ScheduledThreadPoolExecutor$ScheduledFutureTask.run(ScheduledThreadPoolExecutor.java:294)
	at java.util.concurrent.ThreadPoolExecutor.runWorker(ThreadPoolExecutor.java:1149)
	at java.util.concurrent.ThreadPoolExecutor$Worker.run(ThreadPoolExecutor.java:624)
	at java.lang.Thread.run(Thread.java:748)
Caused by: java.net.UnknownHostException: admin.katalon.com
	at java.net.Inet6AddressImpl.lookupAllHostAddr(Native Method)
	at java.net.InetAddress$2.lookupAllHostAddr(InetAddress.java:929)
	at java.net.InetAddress.getAddressesFromNameService(InetAddress.java:1324)
	at java.net.InetAddress.getAllByName0(InetAddress.java:1277)
	at java.net.InetAddress.getAllByName(InetAddress.java:1193)
	at java.net.InetAddress.getAllByName(InetAddress.java:1127)
	at org.apache.http.impl.conn.SystemDefaultDnsResolver.resolve(SystemDefaultDnsResolver.java:45)
	at org.apache.http.impl.conn.DefaultHttpClientConnectionOperator.connect(DefaultHttpClientConnectionOperator.java:111)
	at org.apache.http.impl.conn.PoolingHttpClientConnectionManager.connect(PoolingHttpClientConnectionManager.java:353)
	at org.apache.http.impl.execchain.MainClientExec.establishRoute(MainClientExec.java:380)
	at org.apache.http.impl.execchain.MainClientExec.execute(MainClientExec.java:236)
	at org.apache.http.impl.execchain.ProtocolExec.execute(ProtocolExec.java:184)
	at org.apache.http.impl.execchain.RetryExec.execute(RetryExec.java:88)
	at org.apache.http.impl.execchain.RedirectExec.execute(RedirectExec.java:110)
	at org.apache.http.impl.client.InternalHttpClient.doExecute(InternalHttpClient.java:184)
	at org.apache.http.impl.client.CloseableHttpClient.execute(CloseableHttpClient.java:82)
	at org.apache.http.impl.client.CloseableHttpClient.execute(CloseableHttpClient.java:107)
	at org.apache.http.impl.client.CloseableHttpClient.execute(CloseableHttpClient.java:55)
	at com.kms.katalon.integration.analytics.providers.AnalyticsApiProvider.executeRequest(AnalyticsApiProvider.java:647)
	at com.kms.katalon.integration.analytics.providers.AnalyticsApiProvider.executeRequest(AnalyticsApiProvider.java:680)
	at com.kms.katalon.integration.analytics.providers.AnalyticsApiProvider.requestToken(AnalyticsApiProvider.java:151)
	... 13 more



Fri Jan 21 19:21:58 ICT 2022
java.net.UnknownHostException: update.katalon.com
	at java.net.AbstractPlainSocketImpl.connect(AbstractPlainSocketImpl.java:184)
	at java.net.PlainSocketImpl.connect(PlainSocketImpl.java:172)
	at java.net.SocksSocketImpl.connect(SocksSocketImpl.java:392)
	at java.net.Socket.connect(Socket.java:607)
	at sun.security.ssl.SSLSocketImpl.connect(SSLSocketImpl.java:284)
	at sun.security.ssl.BaseSSLSocketImpl.connect(BaseSSLSocketImpl.java:173)
	at sun.net.NetworkClient.doConnect(NetworkClient.java:180)
	at sun.net.www.http.HttpClient.openServer(HttpClient.java:463)
	at sun.net.www.http.HttpClient.openServer(HttpClient.java:558)
	at sun.net.www.protocol.https.HttpsClient.<init>(HttpsClient.java:264)
	at sun.net.www.protocol.https.HttpsClient.New(HttpsClient.java:367)
	at sun.net.www.protocol.https.AbstractDelegateHttpsURLConnection.getNewHttpClient(AbstractDelegateHttpsURLConnection.java:191)
	at sun.net.www.protocol.http.HttpURLConnection.plainConnect0(HttpURLConnection.java:1205)
	at sun.net.www.protocol.http.HttpURLConnection.plainConnect(HttpURLConnection.java:1056)
	at sun.net.www.protocol.https.AbstractDelegateHttpsURLConnection.connect(AbstractDelegateHttpsURLConnection.java:177)
	at sun.net.www.protocol.http.HttpURLConnection.getOutputStream0(HttpURLConnection.java:1340)
	at sun.net.www.protocol.http.HttpURLConnection.getOutputStream(HttpURLConnection.java:1315)
	at sun.net.www.protocol.https.HttpsURLConnectionImpl.getOutputStream(HttpsURLConnectionImpl.java:264)
	at com.kms.katalon.application.utils.ServerAPICommunicationUtil.sendAndReceiveData(ServerAPICommunicationUtil.java:297)
	at com.kms.katalon.application.utils.ServerAPICommunicationUtil.invoke(ServerAPICommunicationUtil.java:136)
	at com.kms.katalon.application.utils.ServerAPICommunicationUtil.post(ServerAPICommunicationUtil.java:60)
	at com.kms.katalon.tracking.service.TrackingApiService.post(TrackingApiService.java:24)
	at com.kms.katalon.tracking.service.TrackingService.sendEventPayload(TrackingService.java:55)
	at com.kms.katalon.tracking.service.TrackingService.lambda$0(TrackingService.java:39)
	at java.util.concurrent.Executors$RunnableAdapter.call(Executors.java:511)
	at java.util.concurrent.FutureTask.run(FutureTask.java:266)
	at java.util.concurrent.ThreadPoolExecutor.runWorker(ThreadPoolExecutor.java:1149)
	at java.util.concurrent.ThreadPoolExecutor$Worker.run(ThreadPoolExecutor.java:624)
	at java.lang.Thread.run(Thread.java:748)



Fri Jan 21 19:22:01 ICT 2022
java.net.UnknownHostException: update.katalon.com
	at java.net.AbstractPlainSocketImpl.connect(AbstractPlainSocketImpl.java:184)
	at java.net.PlainSocketImpl.connect(PlainSocketImpl.java:172)
	at java.net.SocksSocketImpl.connect(SocksSocketImpl.java:392)
	at java.net.Socket.connect(Socket.java:607)
	at sun.security.ssl.SSLSocketImpl.connect(SSLSocketImpl.java:284)
	at sun.security.ssl.BaseSSLSocketImpl.connect(BaseSSLSocketImpl.java:173)
	at sun.net.NetworkClient.doConnect(NetworkClient.java:180)
	at sun.net.www.http.HttpClient.openServer(HttpClient.java:463)
	at sun.net.www.http.HttpClient.openServer(HttpClient.java:558)
	at sun.net.www.protocol.https.HttpsClient.<init>(HttpsClient.java:264)
	at sun.net.www.protocol.https.HttpsClient.New(HttpsClient.java:367)
	at sun.net.www.protocol.https.AbstractDelegateHttpsURLConnection.getNewHttpClient(AbstractDelegateHttpsURLConnection.java:191)
	at sun.net.www.protocol.http.HttpURLConnection.plainConnect0(HttpURLConnection.java:1205)
	at sun.net.www.protocol.http.HttpURLConnection.plainConnect(HttpURLConnection.java:1056)
	at sun.net.www.protocol.https.AbstractDelegateHttpsURLConnection.connect(AbstractDelegateHttpsURLConnection.java:177)
	at sun.net.www.protocol.http.HttpURLConnection.getOutputStream0(HttpURLConnection.java:1340)
	at sun.net.www.protocol.http.HttpURLConnection.getOutputStream(HttpURLConnection.java:1315)
	at sun.net.www.protocol.https.HttpsURLConnectionImpl.getOutputStream(HttpsURLConnectionImpl.java:264)
	at com.kms.katalon.application.utils.ServerAPICommunicationUtil.sendAndReceiveData(ServerAPICommunicationUtil.java:297)
	at com.kms.katalon.application.utils.ServerAPICommunicationUtil.invoke(ServerAPICommunicationUtil.java:136)
	at com.kms.katalon.application.utils.ServerAPICommunicationUtil.post(ServerAPICommunicationUtil.java:60)
	at com.kms.katalon.tracking.service.TrackingApiService.post(TrackingApiService.java:24)
	at com.kms.katalon.tracking.service.TrackingService.sendEventPayload(TrackingService.java:55)
	at com.kms.katalon.tracking.service.TrackingService.lambda$0(TrackingService.java:39)
	at java.util.concurrent.Executors$RunnableAdapter.call(Executors.java:511)
	at java.util.concurrent.FutureTask.run(FutureTask.java:266)
	at java.util.concurrent.ThreadPoolExecutor.runWorker(ThreadPoolExecutor.java:1149)
	at java.util.concurrent.ThreadPoolExecutor$Worker.run(ThreadPoolExecutor.java:624)
	at java.lang.Thread.run(Thread.java:748)



Fri Jan 21 19:22:01 ICT 2022
java.net.UnknownHostException: update.katalon.com
	at java.net.AbstractPlainSocketImpl.connect(AbstractPlainSocketImpl.java:184)
	at java.net.PlainSocketImpl.connect(PlainSocketImpl.java:172)
	at java.net.SocksSocketImpl.connect(SocksSocketImpl.java:392)
	at java.net.Socket.connect(Socket.java:607)
	at sun.security.ssl.SSLSocketImpl.connect(SSLSocketImpl.java:284)
	at sun.security.ssl.BaseSSLSocketImpl.connect(BaseSSLSocketImpl.java:173)
	at sun.net.NetworkClient.doConnect(NetworkClient.java:180)
	at sun.net.www.http.HttpClient.openServer(HttpClient.java:463)
	at sun.net.www.http.HttpClient.openServer(HttpClient.java:558)
	at sun.net.www.protocol.https.HttpsClient.<init>(HttpsClient.java:264)
	at sun.net.www.protocol.https.HttpsClient.New(HttpsClient.java:367)
	at sun.net.www.protocol.https.AbstractDelegateHttpsURLConnection.getNewHttpClient(AbstractDelegateHttpsURLConnection.java:191)
	at sun.net.www.protocol.http.HttpURLConnection.plainConnect0(HttpURLConnection.java:1205)
	at sun.net.www.protocol.http.HttpURLConnection.plainConnect(HttpURLConnection.java:1056)
	at sun.net.www.protocol.https.AbstractDelegateHttpsURLConnection.connect(AbstractDelegateHttpsURLConnection.java:177)
	at sun.net.www.protocol.http.HttpURLConnection.getOutputStream0(HttpURLConnection.java:1340)
	at sun.net.www.protocol.http.HttpURLConnection.getOutputStream(HttpURLConnection.java:1315)
	at sun.net.www.protocol.https.HttpsURLConnectionImpl.getOutputStream(HttpsURLConnectionImpl.java:264)
	at com.kms.katalon.application.utils.ServerAPICommunicationUtil.sendAndReceiveData(ServerAPICommunicationUtil.java:297)
	at com.kms.katalon.application.utils.ServerAPICommunicationUtil.invoke(ServerAPICommunicationUtil.java:136)
	at com.kms.katalon.application.utils.ServerAPICommunicationUtil.post(ServerAPICommunicationUtil.java:60)
	at com.kms.katalon.tracking.service.TrackingApiService.post(TrackingApiService.java:24)
	at com.kms.katalon.tracking.service.TrackingService.sendEventPayload(TrackingService.java:55)
	at com.kms.katalon.tracking.service.TrackingService.lambda$0(TrackingService.java:39)
	at java.util.concurrent.Executors$RunnableAdapter.call(Executors.java:511)
	at java.util.concurrent.FutureTask.run(FutureTask.java:266)
	at java.util.concurrent.ThreadPoolExecutor.runWorker(ThreadPoolExecutor.java:1149)
	at java.util.concurrent.ThreadPoolExecutor$Worker.run(ThreadPoolExecutor.java:624)
	at java.lang.Thread.run(Thread.java:748)



Fri Jan 21 19:22:05 ICT 2022
com.kms.katalon.activation.plugin.models.KStoreClientExceptionWithInfo: Unexpected error occurs during executing get latest plugins
	at com.kms.katalon.activation.plugin.service.KStoreRestClient.getLatestPlugins(KStoreRestClient.java:83)
	at com.kms.katalon.activation.plugin.service.PluginService.getOnlinePlugins(PluginService.java:316)
	at com.kms.katalon.activation.plugin.service.PluginService.reloadPlugins(PluginService.java:96)
	at com.kms.katalon.composer.handlers.ReloadPluginsHandler$1.run(ReloadPluginsHandler.java:81)
	at org.eclipse.core.internal.jobs.Worker.run(Worker.java:63)
Caused by: java.net.UnknownHostException: store.katalon.com
	at java.net.Inet6AddressImpl.lookupAllHostAddr(Native Method)
	at java.net.InetAddress$2.lookupAllHostAddr(InetAddress.java:929)
	at java.net.InetAddress.getAddressesFromNameService(InetAddress.java:1324)
	at java.net.InetAddress.getAllByName0(InetAddress.java:1277)
	at java.net.InetAddress.getAllByName(InetAddress.java:1193)
	at java.net.InetAddress.getAllByName(InetAddress.java:1127)
	at org.apache.http.impl.conn.SystemDefaultDnsResolver.resolve(SystemDefaultDnsResolver.java:45)
	at org.apache.http.impl.conn.DefaultHttpClientConnectionOperator.connect(DefaultHttpClientConnectionOperator.java:111)
	at org.apache.http.impl.conn.PoolingHttpClientConnectionManager.connect(PoolingHttpClientConnectionManager.java:353)
	at org.apache.http.impl.execchain.MainClientExec.establishRoute(MainClientExec.java:380)
	at org.apache.http.impl.execchain.MainClientExec.execute(MainClientExec.java:236)
	at org.apache.http.impl.execchain.ProtocolExec.execute(ProtocolExec.java:184)
	at org.apache.http.impl.execchain.RetryExec.execute(RetryExec.java:88)
	at org.apache.http.impl.execchain.RedirectExec.execute(RedirectExec.java:110)
	at org.apache.http.impl.client.InternalHttpClient.doExecute(InternalHttpClient.java:184)
	at org.apache.http.impl.client.CloseableHttpClient.execute(CloseableHttpClient.java:82)
	at org.apache.http.impl.client.CloseableHttpClient.execute(CloseableHttpClient.java:107)
	at com.kms.katalon.activation.plugin.service.KStoreRestClient.executeGetRequest(KStoreRestClient.java:326)
	at com.kms.katalon.activation.plugin.service.KStoreRestClient.getLatestPlugins(KStoreRestClient.java:59)
	... 4 more



Fri Jan 21 19:22:07 ICT 2022
java.net.UnknownHostException: update.katalon.com
	at java.net.AbstractPlainSocketImpl.connect(AbstractPlainSocketImpl.java:184)
	at java.net.PlainSocketImpl.connect(PlainSocketImpl.java:172)
	at java.net.SocksSocketImpl.connect(SocksSocketImpl.java:392)
	at java.net.Socket.connect(Socket.java:607)
	at sun.security.ssl.SSLSocketImpl.connect(SSLSocketImpl.java:284)
	at sun.security.ssl.BaseSSLSocketImpl.connect(BaseSSLSocketImpl.java:173)
	at sun.net.NetworkClient.doConnect(NetworkClient.java:180)
	at sun.net.www.http.HttpClient.openServer(HttpClient.java:463)
	at sun.net.www.http.HttpClient.openServer(HttpClient.java:558)
	at sun.net.www.protocol.https.HttpsClient.<init>(HttpsClient.java:264)
	at sun.net.www.protocol.https.HttpsClient.New(HttpsClient.java:367)
	at sun.net.www.protocol.https.AbstractDelegateHttpsURLConnection.getNewHttpClient(AbstractDelegateHttpsURLConnection.java:191)
	at sun.net.www.protocol.http.HttpURLConnection.plainConnect0(HttpURLConnection.java:1205)
	at sun.net.www.protocol.http.HttpURLConnection.plainConnect(HttpURLConnection.java:1056)
	at sun.net.www.protocol.https.AbstractDelegateHttpsURLConnection.connect(AbstractDelegateHttpsURLConnection.java:177)
	at sun.net.www.protocol.http.HttpURLConnection.getOutputStream0(HttpURLConnection.java:1340)
	at sun.net.www.protocol.http.HttpURLConnection.getOutputStream(HttpURLConnection.java:1315)
	at sun.net.www.protocol.https.HttpsURLConnectionImpl.getOutputStream(HttpsURLConnectionImpl.java:264)
	at com.kms.katalon.application.utils.ServerAPICommunicationUtil.sendAndReceiveData(ServerAPICommunicationUtil.java:297)
	at com.kms.katalon.application.utils.ServerAPICommunicationUtil.invoke(ServerAPICommunicationUtil.java:136)
	at com.kms.katalon.application.utils.ServerAPICommunicationUtil.post(ServerAPICommunicationUtil.java:60)
	at com.kms.katalon.tracking.service.TrackingApiService.post(TrackingApiService.java:24)
	at com.kms.katalon.tracking.service.TrackingService.sendEventPayload(TrackingService.java:55)
	at com.kms.katalon.tracking.service.TrackingService.lambda$0(TrackingService.java:39)
	at java.util.concurrent.Executors$RunnableAdapter.call(Executors.java:511)
	at java.util.concurrent.FutureTask.run(FutureTask.java:266)
	at java.util.concurrent.ThreadPoolExecutor.runWorker(ThreadPoolExecutor.java:1149)
	at java.util.concurrent.ThreadPoolExecutor$Worker.run(ThreadPoolExecutor.java:624)
	at java.lang.Thread.run(Thread.java:748)



Fri Jan 21 19:22:14 ICT 2022
com.kms.katalon.integration.analytics.exceptions.AnalyticsApiExeception: java.net.UnknownHostException: admin.katalon.com
	at com.kms.katalon.integration.analytics.exceptions.AnalyticsApiExeception.wrap(AnalyticsApiExeception.java:23)
	at com.kms.katalon.integration.analytics.providers.AnalyticsApiProvider.requestToken(AnalyticsApiProvider.java:153)
	at com.kms.katalon.integration.analytics.providers.TestOpsFeatureActivatorImpl.connect(TestOpsFeatureActivatorImpl.java:45)
	at com.kms.katalon.application.utils.ActivationInfoCollector.getLicenseFromTestOps(ActivationInfoCollector.java:550)
	at com.kms.katalon.application.utils.ActivationInfoCollector.activate(ActivationInfoCollector.java:437)
	at com.kms.katalon.application.utils.ActivationInfoCollector.checkAndMarkActivatedForGUIMode(ActivationInfoCollector.java:139)
	at com.kms.katalon.core.application.ApplicationStaupHandler.lambda$2(ApplicationStaupHandler.java:91)
	at com.kms.katalon.application.utils.ActivationInfoCollector.lambda$1(ActivationInfoCollector.java:923)
	at java.util.concurrent.Executors$RunnableAdapter.call(Executors.java:511)
	at java.util.concurrent.FutureTask.runAndReset(FutureTask.java:308)
	at java.util.concurrent.ScheduledThreadPoolExecutor$ScheduledFutureTask.access$301(ScheduledThreadPoolExecutor.java:180)
	at java.util.concurrent.ScheduledThreadPoolExecutor$ScheduledFutureTask.run(ScheduledThreadPoolExecutor.java:294)
	at java.util.concurrent.ThreadPoolExecutor.runWorker(ThreadPoolExecutor.java:1149)
	at java.util.concurrent.ThreadPoolExecutor$Worker.run(ThreadPoolExecutor.java:624)
	at java.lang.Thread.run(Thread.java:748)
Caused by: java.net.UnknownHostException: admin.katalon.com
	at java.net.Inet6AddressImpl.lookupAllHostAddr(Native Method)
	at java.net.InetAddress$2.lookupAllHostAddr(InetAddress.java:929)
	at java.net.InetAddress.getAddressesFromNameService(InetAddress.java:1324)
	at java.net.InetAddress.getAllByName0(InetAddress.java:1277)
	at java.net.InetAddress.getAllByName(InetAddress.java:1193)
	at java.net.InetAddress.getAllByName(InetAddress.java:1127)
	at org.apache.http.impl.conn.SystemDefaultDnsResolver.resolve(SystemDefaultDnsResolver.java:45)
	at org.apache.http.impl.conn.DefaultHttpClientConnectionOperator.connect(DefaultHttpClientConnectionOperator.java:111)
	at org.apache.http.impl.conn.PoolingHttpClientConnectionManager.connect(PoolingHttpClientConnectionManager.java:353)
	at org.apache.http.impl.execchain.MainClientExec.establishRoute(MainClientExec.java:380)
	at org.apache.http.impl.execchain.MainClientExec.execute(MainClientExec.java:236)
	at org.apache.http.impl.execchain.ProtocolExec.execute(ProtocolExec.java:184)
	at org.apache.http.impl.execchain.RetryExec.execute(RetryExec.java:88)
	at org.apache.http.impl.execchain.RedirectExec.execute(RedirectExec.java:110)
	at org.apache.http.impl.client.InternalHttpClient.doExecute(InternalHttpClient.java:184)
	at org.apache.http.impl.client.CloseableHttpClient.execute(CloseableHttpClient.java:82)
	at org.apache.http.impl.client.CloseableHttpClient.execute(CloseableHttpClient.java:107)
	at org.apache.http.impl.client.CloseableHttpClient.execute(CloseableHttpClient.java:55)
	at com.kms.katalon.integration.analytics.providers.AnalyticsApiProvider.executeRequest(AnalyticsApiProvider.java:647)
	at com.kms.katalon.integration.analytics.providers.AnalyticsApiProvider.executeRequest(AnalyticsApiProvider.java:680)
	at com.kms.katalon.integration.analytics.providers.AnalyticsApiProvider.requestToken(AnalyticsApiProvider.java:151)
	... 13 more



Fri Jan 21 19:22:14 ICT 2022
Activation collection is failed
com.kms.katalon.integration.analytics.exceptions.AnalyticsApiExeception: java.net.UnknownHostException: admin.katalon.com
	at com.kms.katalon.integration.analytics.exceptions.AnalyticsApiExeception.wrap(AnalyticsApiExeception.java:23)
	at com.kms.katalon.integration.analytics.providers.AnalyticsApiProvider.requestToken(AnalyticsApiProvider.java:153)
	at com.kms.katalon.integration.analytics.providers.TestOpsFeatureActivatorImpl.connect(TestOpsFeatureActivatorImpl.java:45)
	at com.kms.katalon.application.utils.ActivationInfoCollector.getLicenseFromTestOps(ActivationInfoCollector.java:550)
	at com.kms.katalon.application.utils.ActivationInfoCollector.activate(ActivationInfoCollector.java:437)
	at com.kms.katalon.application.utils.ActivationInfoCollector.checkAndMarkActivatedForGUIMode(ActivationInfoCollector.java:139)
	at com.kms.katalon.core.application.ApplicationStaupHandler.lambda$2(ApplicationStaupHandler.java:91)
	at com.kms.katalon.application.utils.ActivationInfoCollector.lambda$1(ActivationInfoCollector.java:923)
	at java.util.concurrent.Executors$RunnableAdapter.call(Executors.java:511)
	at java.util.concurrent.FutureTask.runAndReset(FutureTask.java:308)
	at java.util.concurrent.ScheduledThreadPoolExecutor$ScheduledFutureTask.access$301(ScheduledThreadPoolExecutor.java:180)
	at java.util.concurrent.ScheduledThreadPoolExecutor$ScheduledFutureTask.run(ScheduledThreadPoolExecutor.java:294)
	at java.util.concurrent.ThreadPoolExecutor.runWorker(ThreadPoolExecutor.java:1149)
	at java.util.concurrent.ThreadPoolExecutor$Worker.run(ThreadPoolExecutor.java:624)
	at java.lang.Thread.run(Thread.java:748)
Caused by: java.net.UnknownHostException: admin.katalon.com
	at java.net.Inet6AddressImpl.lookupAllHostAddr(Native Method)
	at java.net.InetAddress$2.lookupAllHostAddr(InetAddress.java:929)
	at java.net.InetAddress.getAddressesFromNameService(InetAddress.java:1324)
	at java.net.InetAddress.getAllByName0(InetAddress.java:1277)
	at java.net.InetAddress.getAllByName(InetAddress.java:1193)
	at java.net.InetAddress.getAllByName(InetAddress.java:1127)
	at org.apache.http.impl.conn.SystemDefaultDnsResolver.resolve(SystemDefaultDnsResolver.java:45)
	at org.apache.http.impl.conn.DefaultHttpClientConnectionOperator.connect(DefaultHttpClientConnectionOperator.java:111)
	at org.apache.http.impl.conn.PoolingHttpClientConnectionManager.connect(PoolingHttpClientConnectionManager.java:353)
	at org.apache.http.impl.execchain.MainClientExec.establishRoute(MainClientExec.java:380)
	at org.apache.http.impl.execchain.MainClientExec.execute(MainClientExec.java:236)
	at org.apache.http.impl.execchain.ProtocolExec.execute(ProtocolExec.java:184)
	at org.apache.http.impl.execchain.RetryExec.execute(RetryExec.java:88)
	at org.apache.http.impl.execchain.RedirectExec.execute(RedirectExec.java:110)
	at org.apache.http.impl.client.InternalHttpClient.doExecute(InternalHttpClient.java:184)
	at org.apache.http.impl.client.CloseableHttpClient.execute(CloseableHttpClient.java:82)
	at org.apache.http.impl.client.CloseableHttpClient.execute(CloseableHttpClient.java:107)
	at org.apache.http.impl.client.CloseableHttpClient.execute(CloseableHttpClient.java:55)
	at com.kms.katalon.integration.analytics.providers.AnalyticsApiProvider.executeRequest(AnalyticsApiProvider.java:647)
	at com.kms.katalon.integration.analytics.providers.AnalyticsApiProvider.executeRequest(AnalyticsApiProvider.java:680)
	at com.kms.katalon.integration.analytics.providers.AnalyticsApiProvider.requestToken(AnalyticsApiProvider.java:151)
	... 13 more



Fri Jan 21 19:22:44 ICT 2022
com.kms.katalon.integration.analytics.exceptions.AnalyticsApiExeception: java.net.UnknownHostException: admin.katalon.com
	at com.kms.katalon.integration.analytics.exceptions.AnalyticsApiExeception.wrap(AnalyticsApiExeception.java:23)
	at com.kms.katalon.integration.analytics.providers.AnalyticsApiProvider.requestToken(AnalyticsApiProvider.java:153)
	at com.kms.katalon.integration.analytics.providers.TestOpsFeatureActivatorImpl.connect(TestOpsFeatureActivatorImpl.java:45)
	at com.kms.katalon.application.utils.ActivationInfoCollector.getLicenseFromTestOps(ActivationInfoCollector.java:550)
	at com.kms.katalon.application.utils.ActivationInfoCollector.activate(ActivationInfoCollector.java:437)
	at com.kms.katalon.application.utils.ActivationInfoCollector.checkAndMarkActivatedForGUIMode(ActivationInfoCollector.java:139)
	at com.kms.katalon.core.application.ApplicationStaupHandler.lambda$2(ApplicationStaupHandler.java:91)
	at com.kms.katalon.application.utils.ActivationInfoCollector.lambda$1(ActivationInfoCollector.java:923)
	at java.util.concurrent.Executors$RunnableAdapter.call(Executors.java:511)
	at java.util.concurrent.FutureTask.runAndReset(FutureTask.java:308)
	at java.util.concurrent.ScheduledThreadPoolExecutor$ScheduledFutureTask.access$301(ScheduledThreadPoolExecutor.java:180)
	at java.util.concurrent.ScheduledThreadPoolExecutor$ScheduledFutureTask.run(ScheduledThreadPoolExecutor.java:294)
	at java.util.concurrent.ThreadPoolExecutor.runWorker(ThreadPoolExecutor.java:1149)
	at java.util.concurrent.ThreadPoolExecutor$Worker.run(ThreadPoolExecutor.java:624)
	at java.lang.Thread.run(Thread.java:748)
Caused by: java.net.UnknownHostException: admin.katalon.com
	at java.net.Inet6AddressImpl.lookupAllHostAddr(Native Method)
	at java.net.InetAddress$2.lookupAllHostAddr(InetAddress.java:929)
	at java.net.InetAddress.getAddressesFromNameService(InetAddress.java:1324)
	at java.net.InetAddress.getAllByName0(InetAddress.java:1277)
	at java.net.InetAddress.getAllByName(InetAddress.java:1193)
	at java.net.InetAddress.getAllByName(InetAddress.java:1127)
	at org.apache.http.impl.conn.SystemDefaultDnsResolver.resolve(SystemDefaultDnsResolver.java:45)
	at org.apache.http.impl.conn.DefaultHttpClientConnectionOperator.connect(DefaultHttpClientConnectionOperator.java:111)
	at org.apache.http.impl.conn.PoolingHttpClientConnectionManager.connect(PoolingHttpClientConnectionManager.java:353)
	at org.apache.http.impl.execchain.MainClientExec.establishRoute(MainClientExec.java:380)
	at org.apache.http.impl.execchain.MainClientExec.execute(MainClientExec.java:236)
	at org.apache.http.impl.execchain.ProtocolExec.execute(ProtocolExec.java:184)
	at org.apache.http.impl.execchain.RetryExec.execute(RetryExec.java:88)
	at org.apache.http.impl.execchain.RedirectExec.execute(RedirectExec.java:110)
	at org.apache.http.impl.client.InternalHttpClient.doExecute(InternalHttpClient.java:184)
	at org.apache.http.impl.client.CloseableHttpClient.execute(CloseableHttpClient.java:82)
	at org.apache.http.impl.client.CloseableHttpClient.execute(CloseableHttpClient.java:107)
	at org.apache.http.impl.client.CloseableHttpClient.execute(CloseableHttpClient.java:55)
	at com.kms.katalon.integration.analytics.providers.AnalyticsApiProvider.executeRequest(AnalyticsApiProvider.java:647)
	at com.kms.katalon.integration.analytics.providers.AnalyticsApiProvider.executeRequest(AnalyticsApiProvider.java:680)
	at com.kms.katalon.integration.analytics.providers.AnalyticsApiProvider.requestToken(AnalyticsApiProvider.java:151)
	... 13 more



Fri Jan 21 19:22:44 ICT 2022
Activation collection is failed
com.kms.katalon.integration.analytics.exceptions.AnalyticsApiExeception: java.net.UnknownHostException: admin.katalon.com
	at com.kms.katalon.integration.analytics.exceptions.AnalyticsApiExeception.wrap(AnalyticsApiExeception.java:23)
	at com.kms.katalon.integration.analytics.providers.AnalyticsApiProvider.requestToken(AnalyticsApiProvider.java:153)
	at com.kms.katalon.integration.analytics.providers.TestOpsFeatureActivatorImpl.connect(TestOpsFeatureActivatorImpl.java:45)
	at com.kms.katalon.application.utils.ActivationInfoCollector.getLicenseFromTestOps(ActivationInfoCollector.java:550)
	at com.kms.katalon.application.utils.ActivationInfoCollector.activate(ActivationInfoCollector.java:437)
	at com.kms.katalon.application.utils.ActivationInfoCollector.checkAndMarkActivatedForGUIMode(ActivationInfoCollector.java:139)
	at com.kms.katalon.core.application.ApplicationStaupHandler.lambda$2(ApplicationStaupHandler.java:91)
	at com.kms.katalon.application.utils.ActivationInfoCollector.lambda$1(ActivationInfoCollector.java:923)
	at java.util.concurrent.Executors$RunnableAdapter.call(Executors.java:511)
	at java.util.concurrent.FutureTask.runAndReset(FutureTask.java:308)
	at java.util.concurrent.ScheduledThreadPoolExecutor$ScheduledFutureTask.access$301(ScheduledThreadPoolExecutor.java:180)
	at java.util.concurrent.ScheduledThreadPoolExecutor$ScheduledFutureTask.run(ScheduledThreadPoolExecutor.java:294)
	at java.util.concurrent.ThreadPoolExecutor.runWorker(ThreadPoolExecutor.java:1149)
	at java.util.concurrent.ThreadPoolExecutor$Worker.run(ThreadPoolExecutor.java:624)
	at java.lang.Thread.run(Thread.java:748)
Caused by: java.net.UnknownHostException: admin.katalon.com
	at java.net.Inet6AddressImpl.lookupAllHostAddr(Native Method)
	at java.net.InetAddress$2.lookupAllHostAddr(InetAddress.java:929)
	at java.net.InetAddress.getAddressesFromNameService(InetAddress.java:1324)
	at java.net.InetAddress.getAllByName0(InetAddress.java:1277)
	at java.net.InetAddress.getAllByName(InetAddress.java:1193)
	at java.net.InetAddress.getAllByName(InetAddress.java:1127)
	at org.apache.http.impl.conn.SystemDefaultDnsResolver.resolve(SystemDefaultDnsResolver.java:45)
	at org.apache.http.impl.conn.DefaultHttpClientConnectionOperator.connect(DefaultHttpClientConnectionOperator.java:111)
	at org.apache.http.impl.conn.PoolingHttpClientConnectionManager.connect(PoolingHttpClientConnectionManager.java:353)
	at org.apache.http.impl.execchain.MainClientExec.establishRoute(MainClientExec.java:380)
	at org.apache.http.impl.execchain.MainClientExec.execute(MainClientExec.java:236)
	at org.apache.http.impl.execchain.ProtocolExec.execute(ProtocolExec.java:184)
	at org.apache.http.impl.execchain.RetryExec.execute(RetryExec.java:88)
	at org.apache.http.impl.execchain.RedirectExec.execute(RedirectExec.java:110)
	at org.apache.http.impl.client.InternalHttpClient.doExecute(InternalHttpClient.java:184)
	at org.apache.http.impl.client.CloseableHttpClient.execute(CloseableHttpClient.java:82)
	at org.apache.http.impl.client.CloseableHttpClient.execute(CloseableHttpClient.java:107)
	at org.apache.http.impl.client.CloseableHttpClient.execute(CloseableHttpClient.java:55)
	at com.kms.katalon.integration.analytics.providers.AnalyticsApiProvider.executeRequest(AnalyticsApiProvider.java:647)
	at com.kms.katalon.integration.analytics.providers.AnalyticsApiProvider.executeRequest(AnalyticsApiProvider.java:680)
	at com.kms.katalon.integration.analytics.providers.AnalyticsApiProvider.requestToken(AnalyticsApiProvider.java:151)
	... 13 more


All launchers terminated
Start clean up session
End check license task
End clean up session
Start release license task
License released
End release license task
Start checking and mark activated for GUI mode
End checking and mark activated for GUI mode
All launchers terminated
Start clean up session
End check license task
End clean up session
Start release license task
End release license task
